[2016-05-14 00:04:52][debug] begin notify
[2016-05-14 00:04:52][debug] call back:{"appid":"wx8bdd74650fd816e3","attach":"test","bank_type":"CFT","cash_fee":"1","fee_type":"CNY","is_subscribe":"Y","mch_id":"1334436001","nonce_str":"zbba1ggi3p3pofdyeca2i397s4f7w82p","openid":"oWWVWw_WaMJTOkk3EumIwVMPE3H4","out_trade_no":"133443600120160514000444","result_code":"SUCCESS","return_code":"SUCCESS","sign":"50073A01334455B805A2B415873EF7BA","time_end":"20160514000451","total_fee":"1","trade_type":"JSAPI","transaction_id":"4002102001201605145823591309"}
[2016-05-14 00:04:52][debug] query:{"appid":"wx8bdd74650fd816e3","attach":"test","bank_type":"CFT","cash_fee":"1","fee_type":"CNY","is_subscribe":"Y","mch_id":"1334436001","nonce_str":"lzDXjCZeiv6X0H5K","openid":"oWWVWw_WaMJTOkk3EumIwVMPE3H4","out_trade_no":"133443600120160514000444","result_code":"SUCCESS","return_code":"SUCCESS","return_msg":"OK","sign":"E4F6291A7498291A33A98C7F44A95BBD","time_end":"20160514000451","total_fee":"1","trade_state":"SUCCESS","trade_type":"JSAPI","transaction_id":"4002102001201605145823591309"}
[2016-05-14 00:07:32][debug] begin notify
[2016-05-14 00:07:32][debug] call back:{"appid":"wx8bdd74650fd816e3","attach":"test","bank_type":"CFT","cash_fee":"1","fee_type":"CNY","is_subscribe":"Y","mch_id":"1334436001","nonce_str":"vw3hm1p0a8jhioy5pfkp1wgyc9oeewxd","openid":"oWWVWw_WaMJTOkk3EumIwVMPE3H4","out_trade_no":"133443600120160514000724","result_code":"SUCCESS","return_code":"SUCCESS","sign":"8C4828BCDD1276343ED65BE8DE923CEF","time_end":"20160514000732","total_fee":"1","trade_type":"JSAPI","transaction_id":"4002102001201605145824780532"}
[2016-05-14 00:07:32][debug] query:{"appid":"wx8bdd74650fd816e3","attach":"test","bank_type":"CFT","cash_fee":"1","fee_type":"CNY","is_subscribe":"Y","mch_id":"1334436001","nonce_str":"hMUlcXNTvCqfy2fh","openid":"oWWVWw_WaMJTOkk3EumIwVMPE3H4","out_trade_no":"133443600120160514000724","result_code":"SUCCESS","return_code":"SUCCESS","return_msg":"OK","sign":"B877E0FA9359DB7D1D70480F6A80BEC2","time_end":"20160514000732","total_fee":"1","trade_state":"SUCCESS","trade_type":"JSAPI","transaction_id":"4002102001201605145824780532"}
[2016-05-14 00:11:58][debug] begin notify
[2016-05-14 00:11:58][debug] call back:{"appid":"wx8bdd74650fd816e3","attach":"test","bank_type":"CFT","cash_fee":"1","fee_type":"CNY","is_subscribe":"Y","mch_id":"1334436001","nonce_str":"ig67tvf6w8n9046yb3lwh66fhneomav0","openid":"oWWVWw_WaMJTOkk3EumIwVMPE3H4","out_trade_no":"133443600120160514001152","result_code":"SUCCESS","return_code":"SUCCESS","sign":"750CC118D66522BD56492E9B8D072123","time_end":"20160514001158","total_fee":"1","trade_type":"JSAPI","transaction_id":"4002102001201605145823659090"}
[2016-05-14 00:11:58][debug] query:{"appid":"wx8bdd74650fd816e3","attach":"test","bank_type":"CFT","cash_fee":"1","fee_type":"CNY","is_subscribe":"Y","mch_id":"1334436001","nonce_str":"DPhH5FSdfTqb3ZTk","openid":"oWWVWw_WaMJTOkk3EumIwVMPE3H4","out_trade_no":"133443600120160514001152","result_code":"SUCCESS","return_code":"SUCCESS","return_msg":"OK","sign":"713995A1040B173B44B3AC7B8458A1B9","time_end":"20160514001158","total_fee":"1","trade_state":"SUCCESS","trade_type":"JSAPI","transaction_id":"4002102001201605145823659090"}
[2016-05-14 11:36:07][debug] begin notify
[2016-05-14 11:36:07][debug] call back:{"appid":"wx8bdd74650fd816e3","attach":"test","bank_type":"CFT","cash_fee":"1","fee_type":"CNY","is_subscribe":"Y","mch_id":"1334436001","nonce_str":"umm2khzysybyj30iz82kdstfof94adk4","openid":"oWWVWw8MYx_4kB3HYX5U3HlaJeew","out_trade_no":"133443600120160514113557","result_code":"SUCCESS","return_code":"SUCCESS","sign":"E8661093EDE693F01FDE4C8469208389","time_end":"20160514113606","total_fee":"1","trade_type":"JSAPI","transaction_id":"4010152001201605145834724775"}
[2016-05-14 11:36:07][debug] query:{"appid":"wx8bdd74650fd816e3","attach":"test","bank_type":"CFT","cash_fee":"1","fee_type":"CNY","is_subscribe":"Y","mch_id":"1334436001","nonce_str":"hxvQUo6fLpAXKJR7","openid":"oWWVWw8MYx_4kB3HYX5U3HlaJeew","out_trade_no":"133443600120160514113557","result_code":"SUCCESS","return_code":"SUCCESS","return_msg":"OK","sign":"AA4AB0A03E8D1D37DBC64B17E25B56F7","time_end":"20160514113606","total_fee":"1","trade_state":"SUCCESS","trade_type":"JSAPI","transaction_id":"4010152001201605145834724775"}
[2016-05-14 11:46:45][debug] begin notify
[2016-05-14 11:46:45][debug] call back:{"appid":"wx8bdd74650fd816e3","attach":"test","bank_type":"CFT","cash_fee":"1","fee_type":"CNY","is_subscribe":"Y","mch_id":"1334436001","nonce_str":"ix0j1xnxsf3xa7tif5dvcbnh6ed6212c","openid":"oWWVWw8MYx_4kB3HYX5U3HlaJeew","out_trade_no":"133443600120160514114615","result_code":"SUCCESS","return_code":"SUCCESS","sign":"CB45943055256BF2557396527AF3FF3A","time_end":"20160514114644","total_fee":"1","trade_type":"JSAPI","transaction_id":"4010152001201605145834104974"}
[2016-05-14 11:46:45][debug] query:{"appid":"wx8bdd74650fd816e3","attach":"test","bank_type":"CFT","cash_fee":"1","fee_type":"CNY","is_subscribe":"Y","mch_id":"1334436001","nonce_str":"UiXLeabtCw7cmSTy","openid":"oWWVWw8MYx_4kB3HYX5U3HlaJeew","out_trade_no":"133443600120160514114615","result_code":"SUCCESS","return_code":"SUCCESS","return_msg":"OK","sign":"DC954272C36514396B9248466E2826DF","time_end":"20160514114644","total_fee":"1","trade_state":"SUCCESS","trade_type":"JSAPI","transaction_id":"4010152001201605145834104974"}
[2016-05-14 11:47:50][debug] begin notify
[2016-05-14 11:47:50][debug] call back:{"appid":"wx8bdd74650fd816e3","attach":"test","bank_type":"CFT","cash_fee":"1","fee_type":"CNY","is_subscribe":"Y","mch_id":"1334436001","nonce_str":"ctfk7g9acbu7t2887pzfshmms0mj4bwm","openid":"oWWVWw8MYx_4kB3HYX5U3HlaJeew","out_trade_no":"133443600120160514114739","result_code":"SUCCESS","return_code":"SUCCESS","sign":"78D9E968B3CBD1EEF0DB236D3FFF3CF4","time_end":"20160514114750","total_fee":"1","trade_type":"JSAPI","transaction_id":"4010152001201605145834983295"}
[2016-05-14 11:47:50][debug] query:{"appid":"wx8bdd74650fd816e3","attach":"test","bank_type":"CFT","cash_fee":"1","fee_type":"CNY","is_subscribe":"Y","mch_id":"1334436001","nonce_str":"BQgpyhGAeSrL4e8y","openid":"oWWVWw8MYx_4kB3HYX5U3HlaJeew","out_trade_no":"133443600120160514114739","result_code":"SUCCESS","return_code":"SUCCESS","return_msg":"OK","sign":"2D10EDA869B33A93A8E1D9AF3155A0CD","time_end":"20160514114750","total_fee":"1","trade_state":"SUCCESS","trade_type":"JSAPI","transaction_id":"4010152001201605145834983295"}
[2016-05-14 11:52:44][debug] begin notify
[2016-05-14 11:52:44][debug] call back:{"appid":"wx8bdd74650fd816e3","attach":"test","bank_type":"CFT","cash_fee":"1","fee_type":"CNY","is_subscribe":"Y","mch_id":"1334436001","nonce_str":"svaii7t3d8fg0qldkwvngnpd7nqz9eu7","openid":"oWWVWw8MYx_4kB3HYX5U3HlaJeew","out_trade_no":"133443600120160514115206","result_code":"SUCCESS","return_code":"SUCCESS","sign":"10F115406C1559555BA5EAF41CB0E92F","time_end":"20160514115243","total_fee":"1","trade_type":"JSAPI","transaction_id":"4010152001201605145834228292"}
[2016-05-14 11:52:44][debug] query:{"appid":"wx8bdd74650fd816e3","attach":"test","bank_type":"CFT","cash_fee":"1","fee_type":"CNY","is_subscribe":"Y","mch_id":"1334436001","nonce_str":"KqcCmJqmEa2FoxSy","openid":"oWWVWw8MYx_4kB3HYX5U3HlaJeew","out_trade_no":"133443600120160514115206","result_code":"SUCCESS","return_code":"SUCCESS","return_msg":"OK","sign":"0258D0357ACAA034354E05E9E01F9386","time_end":"20160514115243","total_fee":"1","trade_state":"SUCCESS","trade_type":"JSAPI","transaction_id":"4010152001201605145834228292"}
[2016-05-14 11:56:50][debug] begin notify
[2016-05-14 11:56:50][debug] call back:{"appid":"wx8bdd74650fd816e3","attach":"test","bank_type":"CFT","cash_fee":"1","fee_type":"CNY","is_subscribe":"Y","mch_id":"1334436001","nonce_str":"1pd5zwntt8ppdift5y6sjntqme3pjnqc","openid":"oWWVWw8MYx_4kB3HYX5U3HlaJeew","out_trade_no":"133443600120160514115634","result_code":"SUCCESS","return_code":"SUCCESS","sign":"3062950264FC8FF6CCC6DC0EB3734CB8","time_end":"20160514115650","total_fee":"1","trade_type":"JSAPI","transaction_id":"4010152001201605145836329264"}
[2016-05-14 11:56:50][debug] query:{"appid":"wx8bdd74650fd816e3","attach":"test","bank_type":"CFT","cash_fee":"1","fee_type":"CNY","is_subscribe":"Y","mch_id":"1334436001","nonce_str":"IDQ7l0UPBLjiyUYM","openid":"oWWVWw8MYx_4kB3HYX5U3HlaJeew","out_trade_no":"133443600120160514115634","result_code":"SUCCESS","return_code":"SUCCESS","return_msg":"OK","sign":"717F68D086C583D5C04D143B074E3E4E","time_end":"20160514115650","total_fee":"1","trade_state":"SUCCESS","trade_type":"JSAPI","transaction_id":"4010152001201605145836329264"}
[2016-05-14 22:11:09][debug] begin notify
[2016-05-14 22:11:09][debug] call back:{"appid":"wx8bdd74650fd816e3","attach":"test","bank_type":"CFT","cash_fee":"2","fee_type":"CNY","is_subscribe":"Y","mch_id":"1334436001","nonce_str":"tyb6n4nr7sn8ihoujmlajpev2b0bvvr1","openid":"oWWVWwyytgffKKWi87VpC2V6bSP4","out_trade_no":"133443600120160514221102","result_code":"SUCCESS","return_code":"SUCCESS","sign":"D4B179D9A19322770A268681EE138428","time_end":"20160514221109","total_fee":"2","trade_type":"JSAPI","transaction_id":"4000242001201605145860311296"}
[2016-05-14 22:11:09][debug] query:{"appid":"wx8bdd74650fd816e3","attach":"test","bank_type":"CFT","cash_fee":"2","fee_type":"CNY","is_subscribe":"Y","mch_id":"1334436001","nonce_str":"FsPrAzkMN2BgZuXb","openid":"oWWVWwyytgffKKWi87VpC2V6bSP4","out_trade_no":"133443600120160514221102","result_code":"SUCCESS","return_code":"SUCCESS","return_msg":"OK","sign":"7700F2E1F2345BE677B473D4422D618F","time_end":"20160514221109","total_fee":"2","trade_state":"SUCCESS","trade_type":"JSAPI","transaction_id":"4000242001201605145860311296"}
[2016-05-14 23:01:52][debug] begin notify
[2016-05-14 23:01:54][debug] begin notify
[2016-05-14 23:01:55][debug] begin notify
[2016-05-14 23:02:00][debug] begin notify
[2016-05-14 23:02:02][debug] begin notify
[2016-05-14 23:03:52][debug] begin notify
[2016-05-14 23:03:54][debug] begin notify
[2016-05-14 23:05:06][debug] begin notify
[2016-05-14 23:13:39][debug] begin notify
[2016-05-14 23:13:39][debug] call back:{"appid":"wx8bdd74650fd816e3","attach":"test","bank_type":"CFT","cash_fee":"1","fee_type":"CNY","is_subscribe":"Y","mch_id":"1334436001","nonce_str":"7gue0gjwwlnjf2jux37yjlyhlqerlb22","openid":"oWWVWw8MYx_4kB3HYX5U3HlaJeew","out_trade_no":"133443600120160514231330","result_code":"SUCCESS","return_code":"SUCCESS","sign":"803977E3F3A8856D5445CC883EECDBC3","time_end":"20160514231338","total_fee":"1","trade_type":"JSAPI","transaction_id":"4010152001201605145861253963"}
[2016-05-14 23:13:39][debug] query:{"appid":"wx8bdd74650fd816e3","attach":"test","bank_type":"CFT","cash_fee":"1","fee_type":"CNY","is_subscribe":"Y","mch_id":"1334436001","nonce_str":"JnSlHLHHZnlr3G3L","openid":"oWWVWw8MYx_4kB3HYX5U3HlaJeew","out_trade_no":"133443600120160514231330","result_code":"SUCCESS","return_code":"SUCCESS","return_msg":"OK","sign":"FCF1341CD18A397A3FFE72294548E639","time_end":"20160514231338","total_fee":"1","trade_state":"SUCCESS","trade_type":"JSAPI","transaction_id":"4010152001201605145861253963"}
[2016-05-14 23:13:46][debug] begin notify
[2016-05-14 23:15:20][debug] begin notify
[2016-05-14 23:19:01][debug] begin notify
[2016-05-14 23:19:01][debug] call back:{"appid":"wx8bdd74650fd816e3","attach":"20160514125542661114","bank_type":"CFT","cash_fee":"1","fee_type":"CNY","is_subscribe":"Y","mch_id":"1334436001","nonce_str":"01fjugxf908jk3dksuusjyzn6wozo1oz","openid":"oWWVWw8MYx_4kB3HYX5U3HlaJeew","out_trade_no":"133443600120160514231850","result_code":"SUCCESS","return_code":"SUCCESS","sign":"9DBD9A2C58C838D04628112E9F7BA973","time_end":"20160514231900","total_fee":"1","trade_type":"JSAPI","transaction_id":"4010152001201605145861330001"}
[2016-05-14 23:19:01][debug] query:{"appid":"wx8bdd74650fd816e3","attach":"20160514125542661114","bank_type":"CFT","cash_fee":"1","fee_type":"CNY","is_subscribe":"Y","mch_id":"1334436001","nonce_str":"ulIZ9Np6hrWH3Gp8","openid":"oWWVWw8MYx_4kB3HYX5U3HlaJeew","out_trade_no":"133443600120160514231850","result_code":"SUCCESS","return_code":"SUCCESS","return_msg":"OK","sign":"E8FC22A1DF74ABB03B35C096108F9F75","time_end":"20160514231900","total_fee":"1","trade_state":"SUCCESS","trade_type":"JSAPI","transaction_id":"4010152001201605145861330001"}
[2016-05-14 23:19:19][debug] begin notify
[2016-05-14 23:19:19][debug] call back:{"appid":"wx8bdd74650fd816e3","attach":"test","bank_type":"CFT","cash_fee":"2","fee_type":"CNY","is_subscribe":"Y","mch_id":"1334436001","nonce_str":"fhx2eabvcxi0axlg2i1fyzsxedvjxlcg","openid":"oWWVWw8MYx_4kB3HYX5U3HlaJeew","out_trade_no":"133443600120160514224455","result_code":"SUCCESS","return_code":"SUCCESS","sign":"1E0173009D4A5704D54108D3192B7CC8","time_end":"20160514224511","total_fee":"2","trade_type":"JSAPI","transaction_id":"4010152001201605145859752524"}
[2016-05-14 23:19:19][debug] query:{"appid":"wx8bdd74650fd816e3","attach":"test","bank_type":"CFT","cash_fee":"2","fee_type":"CNY","is_subscribe":"Y","mch_id":"1334436001","nonce_str":"XcXPnHEuAvGWyJ9q","openid":"oWWVWw8MYx_4kB3HYX5U3HlaJeew","out_trade_no":"133443600120160514224455","result_code":"SUCCESS","return_code":"SUCCESS","return_msg":"OK","sign":"99CC7407BD2818B02260A116FBB5C725","time_end":"20160514224511","total_fee":"2","trade_state":"SUCCESS","trade_type":"JSAPI","transaction_id":"4010152001201605145859752524"}
[2016-05-14 23:20:30][debug] begin notify
[2016-05-14 23:20:30][debug] call back:{"appid":"wx8bdd74650fd816e3","attach":"20160514125542661114","bank_type":"CFT","cash_fee":"1","fee_type":"CNY","is_subscribe":"Y","mch_id":"1334436001","nonce_str":"l9mptbg50lkn1yxb5hkfl8d8vkoq1m8k","openid":"oWWVWw8MYx_4kB3HYX5U3HlaJeew","out_trade_no":"133443600120160514232022","result_code":"SUCCESS","return_code":"SUCCESS","sign":"540D2320D38A9AD789300FC36B5080B0","time_end":"20160514232029","total_fee":"1","trade_type":"JSAPI","transaction_id":"4010152001201605145861345084"}
[2016-05-14 23:20:30][debug] query:{"appid":"wx8bdd74650fd816e3","attach":"20160514125542661114","bank_type":"CFT","cash_fee":"1","fee_type":"CNY","is_subscribe":"Y","mch_id":"1334436001","nonce_str":"MxZEZBiMP02qmufd","openid":"oWWVWw8MYx_4kB3HYX5U3HlaJeew","out_trade_no":"133443600120160514232022","result_code":"SUCCESS","return_code":"SUCCESS","return_msg":"OK","sign":"FB8871A78010E3D5C37E725659E7C3ED","time_end":"20160514232029","total_fee":"1","trade_state":"SUCCESS","trade_type":"JSAPI","transaction_id":"4010152001201605145861345084"}
[2016-05-14 23:22:43][debug] begin notify
[2016-05-14 23:22:48][debug] begin notify
[2016-05-14 23:22:48][debug] call back:{"appid":"wx8bdd74650fd816e3","attach":"test","bank_type":"CFT","cash_fee":"1","fee_type":"CNY","is_subscribe":"Y","mch_id":"1334436001","nonce_str":"3njj8vol2u43m6jy9qiz4l4k1r8g2vxz","openid":"oWWVWw8MYx_4kB3HYX5U3HlaJeew","out_trade_no":"133443600120160514224829","result_code":"SUCCESS","return_code":"SUCCESS","sign":"F65582BF14E510F7A267A2F4117D826B","time_end":"20160514224837","total_fee":"1","trade_type":"JSAPI","transaction_id":"4010152001201605145860911021"}
[2016-05-14 23:22:49][debug] query:{"appid":"wx8bdd74650fd816e3","attach":"test","bank_type":"CFT","cash_fee":"1","fee_type":"CNY","is_subscribe":"Y","mch_id":"1334436001","nonce_str":"rPpcliiUGTY4APBq","openid":"oWWVWw8MYx_4kB3HYX5U3HlaJeew","out_trade_no":"133443600120160514224829","result_code":"SUCCESS","return_code":"SUCCESS","return_msg":"OK","sign":"E34E4D437C7F792403D47F73F5C9BFFC","time_end":"20160514224837","total_fee":"1","trade_state":"SUCCESS","trade_type":"JSAPI","transaction_id":"4010152001201605145860911021"}
[2016-05-14 23:23:53][debug] begin notify
[2016-05-14 23:23:53][debug] call back:{"appid":"wx8bdd74650fd816e3","attach":"20160514125542661114","bank_type":"CFT","cash_fee":"1","fee_type":"CNY","is_subscribe":"Y","mch_id":"1334436001","nonce_str":"sp77qdsew81he5lu3e3zwnavrxkccv8q","openid":"oWWVWw8MYx_4kB3HYX5U3HlaJeew","out_trade_no":"133443600120160514232344","result_code":"SUCCESS","return_code":"SUCCESS","sign":"112B899F260C798EEC0612210DFF9407","time_end":"20160514232353","total_fee":"1","trade_type":"JSAPI","transaction_id":"4010152001201605145860258329"}
[2016-05-14 23:23:53][debug] query:{"appid":"wx8bdd74650fd816e3","attach":"20160514125542661114","bank_type":"CFT","cash_fee":"1","fee_type":"CNY","is_subscribe":"Y","mch_id":"1334436001","nonce_str":"4iqdpaX5VWo7Q41s","openid":"oWWVWw8MYx_4kB3HYX5U3HlaJeew","out_trade_no":"133443600120160514232344","result_code":"SUCCESS","return_code":"SUCCESS","return_msg":"OK","sign":"0B67E435B80DF66485810B45C687BBA6","time_end":"20160514232353","total_fee":"1","trade_state":"SUCCESS","trade_type":"JSAPI","transaction_id":"4010152001201605145860258329"}
[2016-05-14 23:24:11][debug] begin notify
[2016-05-14 23:24:12][debug] begin notify
[2016-05-14 23:24:13][debug] begin notify
[2016-05-14 23:24:16][debug] begin notify
[2016-05-14 23:24:16][debug] call back:{"appid":"wx8bdd74650fd816e3","attach":"test","bank_type":"CFT","cash_fee":"1","fee_type":"CNY","is_subscribe":"Y","mch_id":"1334436001","nonce_str":"x3feqm5ritpur9ojfrg1f4girqrb4hh3","openid":"oWWVWw8MYx_4kB3HYX5U3HlaJeew","out_trade_no":"133443600120160514224957","result_code":"SUCCESS","return_code":"SUCCESS","sign":"89350B1FBEBF1F643F026344B933626D","time_end":"20160514225006","total_fee":"1","trade_type":"JSAPI","transaction_id":"4010152001201605145859829202"}
[2016-05-14 23:24:16][debug] query:{"appid":"wx8bdd74650fd816e3","attach":"test","bank_type":"CFT","cash_fee":"1","fee_type":"CNY","is_subscribe":"Y","mch_id":"1334436001","nonce_str":"J9sq3yg0onH90AL3","openid":"oWWVWw8MYx_4kB3HYX5U3HlaJeew","out_trade_no":"133443600120160514224957","result_code":"SUCCESS","return_code":"SUCCESS","return_msg":"OK","sign":"E2DA96A88C3C7F8F66DCD07B6E1D1487","time_end":"20160514225006","total_fee":"1","trade_state":"SUCCESS","trade_type":"JSAPI","transaction_id":"4010152001201605145859829202"}
[2016-05-14 23:28:54][debug] begin notify
[2016-05-14 23:29:25][debug] begin notify
[2016-05-14 23:29:25][debug] call back:{"appid":"wx8bdd74650fd816e3","attach":"20160514125542661114","bank_type":"CFT","cash_fee":"1","fee_type":"CNY","is_subscribe":"Y","mch_id":"1334436001","nonce_str":"mg0gfho5c2j213y8axf6v76c23ph6n6m","openid":"oWWVWw8MYx_4kB3HYX5U3HlaJeew","out_trade_no":"133443600120160514232916","result_code":"SUCCESS","return_code":"SUCCESS","sign":"6827184A5BB68E789D5ACACBA9FDA45A","time_end":"20160514232924","total_fee":"1","trade_type":"JSAPI","transaction_id":"4010152001201605145862327618"}
[2016-05-14 23:29:25][debug] query:{"appid":"wx8bdd74650fd816e3","attach":"20160514125542661114","bank_type":"CFT","cash_fee":"1","fee_type":"CNY","is_subscribe":"Y","mch_id":"1334436001","nonce_str":"8cPTRCCeEA4HnFea","openid":"oWWVWw8MYx_4kB3HYX5U3HlaJeew","out_trade_no":"133443600120160514232916","result_code":"SUCCESS","return_code":"SUCCESS","return_msg":"OK","sign":"90F4323506EC166A1FB948CCC4B229D0","time_end":"20160514232925","total_fee":"1","trade_state":"SUCCESS","trade_type":"JSAPI","transaction_id":"4010152001201605145862327618"}
[2016-05-14 23:29:41][debug] begin notify
[2016-05-14 23:29:41][debug] call back:{"appid":"wx8bdd74650fd816e3","attach":"20160514125542661114","bank_type":"CFT","cash_fee":"1","fee_type":"CNY","is_subscribe":"Y","mch_id":"1334436001","nonce_str":"mg0gfho5c2j213y8axf6v76c23ph6n6m","openid":"oWWVWw8MYx_4kB3HYX5U3HlaJeew","out_trade_no":"133443600120160514232916","result_code":"SUCCESS","return_code":"SUCCESS","sign":"6827184A5BB68E789D5ACACBA9FDA45A","time_end":"20160514232924","total_fee":"1","trade_type":"JSAPI","transaction_id":"4010152001201605145862327618"}
[2016-05-14 23:29:42][debug] query:{"appid":"wx8bdd74650fd816e3","attach":"20160514125542661114","bank_type":"CFT","cash_fee":"1","fee_type":"CNY","is_subscribe":"Y","mch_id":"1334436001","nonce_str":"MoijghpyNcJ3lQey","openid":"oWWVWw8MYx_4kB3HYX5U3HlaJeew","out_trade_no":"133443600120160514232916","result_code":"SUCCESS","return_code":"SUCCESS","return_msg":"OK","sign":"3FA7D2FFEF3A2EEC4C551964E7C83CE4","time_end":"20160514232925","total_fee":"1","trade_state":"SUCCESS","trade_type":"JSAPI","transaction_id":"4010152001201605145862327618"}
[2016-05-14 23:30:00][debug] begin notify
[2016-05-14 23:30:00][debug] call back:{"appid":"wx8bdd74650fd816e3","attach":"20160514125542661114","bank_type":"CFT","cash_fee":"1","fee_type":"CNY","is_subscribe":"Y","mch_id":"1334436001","nonce_str":"mg0gfho5c2j213y8axf6v76c23ph6n6m","openid":"oWWVWw8MYx_4kB3HYX5U3HlaJeew","out_trade_no":"133443600120160514232916","result_code":"SUCCESS","return_code":"SUCCESS","sign":"6827184A5BB68E789D5ACACBA9FDA45A","time_end":"20160514232924","total_fee":"1","trade_type":"JSAPI","transaction_id":"4010152001201605145862327618"}
[2016-05-14 23:30:00][debug] query:{"appid":"wx8bdd74650fd816e3","attach":"20160514125542661114","bank_type":"CFT","cash_fee":"1","fee_type":"CNY","is_subscribe":"Y","mch_id":"1334436001","nonce_str":"U7zUym0Rjul3lCxq","openid":"oWWVWw8MYx_4kB3HYX5U3HlaJeew","out_trade_no":"133443600120160514232916","result_code":"SUCCESS","return_code":"SUCCESS","return_msg":"OK","sign":"BA02D4AA8E824FB406F6813A6414AE58","time_end":"20160514232925","total_fee":"1","trade_state":"SUCCESS","trade_type":"JSAPI","transaction_id":"4010152001201605145862327618"}
[2016-05-14 23:30:33][debug] begin notify
[2016-05-14 23:30:33][debug] call back:{"appid":"wx8bdd74650fd816e3","attach":"20160514125542661114","bank_type":"CFT","cash_fee":"1","fee_type":"CNY","is_subscribe":"Y","mch_id":"1334436001","nonce_str":"mg0gfho5c2j213y8axf6v76c23ph6n6m","openid":"oWWVWw8MYx_4kB3HYX5U3HlaJeew","out_trade_no":"133443600120160514232916","result_code":"SUCCESS","return_code":"SUCCESS","sign":"6827184A5BB68E789D5ACACBA9FDA45A","time_end":"20160514232924","total_fee":"1","trade_type":"JSAPI","transaction_id":"4010152001201605145862327618"}
[2016-05-14 23:30:33][debug] query:{"appid":"wx8bdd74650fd816e3","attach":"20160514125542661114","bank_type":"CFT","cash_fee":"1","fee_type":"CNY","is_subscribe":"Y","mch_id":"1334436001","nonce_str":"vMDxP3yz5GpYn41A","openid":"oWWVWw8MYx_4kB3HYX5U3HlaJeew","out_trade_no":"133443600120160514232916","result_code":"SUCCESS","return_code":"SUCCESS","return_msg":"OK","sign":"48FCEF2CF814C2D2EFF99EB365068462","time_end":"20160514232925","total_fee":"1","trade_state":"SUCCESS","trade_type":"JSAPI","transaction_id":"4010152001201605145862327618"}
[2016-05-14 23:31:31][debug] begin notify
[2016-05-14 23:31:31][debug] call back:{"appid":"wx8bdd74650fd816e3","attach":"20160514125542661114","bank_type":"CFT","cash_fee":"1","fee_type":"CNY","is_subscribe":"Y","mch_id":"1334436001","nonce_str":"ue2y95tprdyvssl9kpozzz8rbiwjbrzn","openid":"oWWVWw8MYx_4kB3HYX5U3HlaJeew","out_trade_no":"133443600120160514233123","result_code":"SUCCESS","return_code":"SUCCESS","sign":"DDBD9EA598ED1D449363E02A6134E616","time_end":"20160514233131","total_fee":"1","trade_type":"JSAPI","transaction_id":"4010152001201605145861481833"}
[2016-05-14 23:31:32][debug] query:{"appid":"wx8bdd74650fd816e3","attach":"20160514125542661114","bank_type":"CFT","cash_fee":"1","fee_type":"CNY","is_subscribe":"Y","mch_id":"1334436001","nonce_str":"cnaCj07zJ3zfJRaq","openid":"oWWVWw8MYx_4kB3HYX5U3HlaJeew","out_trade_no":"133443600120160514233123","result_code":"SUCCESS","return_code":"SUCCESS","return_msg":"OK","sign":"D4EC1B728DCE496D13FE1A67D39A9E04","time_end":"20160514233131","total_fee":"1","trade_state":"SUCCESS","trade_type":"JSAPI","transaction_id":"4010152001201605145861481833"}
[2016-05-14 23:31:43][debug] begin notify
[2016-05-14 23:31:43][debug] call back:{"appid":"wx8bdd74650fd816e3","attach":"20160514125542661114","bank_type":"CFT","cash_fee":"1","fee_type":"CNY","is_subscribe":"Y","mch_id":"1334436001","nonce_str":"ue2y95tprdyvssl9kpozzz8rbiwjbrzn","openid":"oWWVWw8MYx_4kB3HYX5U3HlaJeew","out_trade_no":"133443600120160514233123","result_code":"SUCCESS","return_code":"SUCCESS","sign":"DDBD9EA598ED1D449363E02A6134E616","time_end":"20160514233131","total_fee":"1","trade_type":"JSAPI","transaction_id":"4010152001201605145861481833"}
[2016-05-14 23:31:43][debug] query:{"appid":"wx8bdd74650fd816e3","attach":"20160514125542661114","bank_type":"CFT","cash_fee":"1","fee_type":"CNY","is_subscribe":"Y","mch_id":"1334436001","nonce_str":"ngQXS4cTWlqiDgtb","openid":"oWWVWw8MYx_4kB3HYX5U3HlaJeew","out_trade_no":"133443600120160514233123","result_code":"SUCCESS","return_code":"SUCCESS","return_msg":"OK","sign":"B47CB052230B73FA9CA71D31F4871219","time_end":"20160514233131","total_fee":"1","trade_state":"SUCCESS","trade_type":"JSAPI","transaction_id":"4010152001201605145861481833"}
[2016-05-14 23:31:59][debug] begin notify
[2016-05-14 23:31:59][debug] call back:{"appid":"wx8bdd74650fd816e3","attach":"20160514125542661114","bank_type":"CFT","cash_fee":"1","fee_type":"CNY","is_subscribe":"Y","mch_id":"1334436001","nonce_str":"ue2y95tprdyvssl9kpozzz8rbiwjbrzn","openid":"oWWVWw8MYx_4kB3HYX5U3HlaJeew","out_trade_no":"133443600120160514233123","result_code":"SUCCESS","return_code":"SUCCESS","sign":"DDBD9EA598ED1D449363E02A6134E616","time_end":"20160514233131","total_fee":"1","trade_type":"JSAPI","transaction_id":"4010152001201605145861481833"}
[2016-05-14 23:32:00][debug] query:{"appid":"wx8bdd74650fd816e3","attach":"20160514125542661114","bank_type":"CFT","cash_fee":"1","fee_type":"CNY","is_subscribe":"Y","mch_id":"1334436001","nonce_str":"Kpg4lTKLDC2RJwpE","openid":"oWWVWw8MYx_4kB3HYX5U3HlaJeew","out_trade_no":"133443600120160514233123","result_code":"SUCCESS","return_code":"SUCCESS","return_msg":"OK","sign":"FAF67D8CB7AFB569DCE77BBF52C9C394","time_end":"20160514233131","total_fee":"1","trade_state":"SUCCESS","trade_type":"JSAPI","transaction_id":"4010152001201605145861481833"}
[2016-05-14 23:32:32][debug] begin notify
[2016-05-14 23:32:32][debug] call back:{"appid":"wx8bdd74650fd816e3","attach":"20160514125542661114","bank_type":"CFT","cash_fee":"1","fee_type":"CNY","is_subscribe":"Y","mch_id":"1334436001","nonce_str":"ue2y95tprdyvssl9kpozzz8rbiwjbrzn","openid":"oWWVWw8MYx_4kB3HYX5U3HlaJeew","out_trade_no":"133443600120160514233123","result_code":"SUCCESS","return_code":"SUCCESS","sign":"DDBD9EA598ED1D449363E02A6134E616","time_end":"20160514233131","total_fee":"1","trade_type":"JSAPI","transaction_id":"4010152001201605145861481833"}
[2016-05-14 23:32:32][debug] query:{"appid":"wx8bdd74650fd816e3","attach":"20160514125542661114","bank_type":"CFT","cash_fee":"1","fee_type":"CNY","is_subscribe":"Y","mch_id":"1334436001","nonce_str":"AUGuNGEBOnz86XEk","openid":"oWWVWw8MYx_4kB3HYX5U3HlaJeew","out_trade_no":"133443600120160514233123","result_code":"SUCCESS","return_code":"SUCCESS","return_msg":"OK","sign":"294D5583BFAB3BD8FB621030F7CA4D90","time_end":"20160514233131","total_fee":"1","trade_state":"SUCCESS","trade_type":"JSAPI","transaction_id":"4010152001201605145861481833"}
[2016-05-14 23:33:35][debug] begin notify
[2016-05-14 23:33:35][debug] call back:{"appid":"wx8bdd74650fd816e3","attach":"20160514125542661114","bank_type":"CFT","cash_fee":"1","fee_type":"CNY","is_subscribe":"Y","mch_id":"1334436001","nonce_str":"mg0gfho5c2j213y8axf6v76c23ph6n6m","openid":"oWWVWw8MYx_4kB3HYX5U3HlaJeew","out_trade_no":"133443600120160514232916","result_code":"SUCCESS","return_code":"SUCCESS","sign":"6827184A5BB68E789D5ACACBA9FDA45A","time_end":"20160514232924","total_fee":"1","trade_type":"JSAPI","transaction_id":"4010152001201605145862327618"}
[2016-05-14 23:33:35][debug] query:{"appid":"wx8bdd74650fd816e3","attach":"20160514125542661114","bank_type":"CFT","cash_fee":"1","fee_type":"CNY","is_subscribe":"Y","mch_id":"1334436001","nonce_str":"4xqSrwQujeb0zQXL","openid":"oWWVWw8MYx_4kB3HYX5U3HlaJeew","out_trade_no":"133443600120160514232916","result_code":"SUCCESS","return_code":"SUCCESS","return_msg":"OK","sign":"FDA5F273F112EA24E2FAB10A08A47971","time_end":"20160514232925","total_fee":"1","trade_state":"SUCCESS","trade_type":"JSAPI","transaction_id":"4010152001201605145862327618"}
[2016-05-14 23:37:45][debug] begin notify
[2016-05-14 23:37:45][debug] call back:{"appid":"wx8bdd74650fd816e3","attach":"20160514125542661114","bank_type":"CFT","cash_fee":"1","fee_type":"CNY","is_subscribe":"Y","mch_id":"1334436001","nonce_str":"owpeae6n8fvh5n8cps15xmaxa0x1a79m","openid":"oWWVWw8MYx_4kB3HYX5U3HlaJeew","out_trade_no":"133443600120160514233737","result_code":"SUCCESS","return_code":"SUCCESS","sign":"94031FA5F2DC6C0EED488DB5EA911A5C","time_end":"20160514233745","total_fee":"1","trade_type":"JSAPI","transaction_id":"4010152001201605145862416023"}
[2016-05-14 23:37:46][debug] query:{"appid":"wx8bdd74650fd816e3","attach":"20160514125542661114","bank_type":"CFT","cash_fee":"1","fee_type":"CNY","is_subscribe":"Y","mch_id":"1334436001","nonce_str":"1XmEdKXtgx9pZFGp","openid":"oWWVWw8MYx_4kB3HYX5U3HlaJeew","out_trade_no":"133443600120160514233737","result_code":"SUCCESS","return_code":"SUCCESS","return_msg":"OK","sign":"9DE4BFA44C602776C29341A592D20D3F","time_end":"20160514233745","total_fee":"1","trade_state":"SUCCESS","trade_type":"JSAPI","transaction_id":"4010152001201605145862416023"}
[2016-05-14 23:38:14][debug] begin notify
[2016-05-14 23:38:15][debug] begin notify
[2016-05-14 23:49:35][debug] begin notify
[2016-05-14 23:49:37][debug] begin notify
[2016-05-14 23:52:08][debug] begin notify
[2016-05-14 23:52:16][debug] begin notify
[2016-05-14 23:52:17][debug] begin notify
[2016-05-14 23:52:37][debug] begin notify
